#
# There is insufficient memory for the Java Runtime Environment to continue.
# Native memory allocation (malloc) failed to allocate 666352 bytes. Error detail: Chunk::new
# Possible reasons:
#   The system is out of physical RAM or swap space
#   This process is running with CompressedOops enabled, and the Java Heap may be blocking the growth of the native heap
# Possible solutions:
#   Reduce memory load on the system
#   Increase physical memory or swap space
#   Check if swap backing store is full
#   Decrease Java heap size (-Xmx/-Xms)
#   Decrease number of Java threads
#   Decrease Java thread stack sizes (-Xss)
#   Set larger code cache with -XX:ReservedCodeCacheSize=
#   JVM is running with Unscaled Compressed Oops mode in which the Java heap is
#     placed in the first 4GB address space. The Java Heap base address is the
#     maximum limit for the native heap growth. Please use -XX:HeapBaseMinAddress
#     to set the Java Heap base and to place the Java Heap above 4GB virtual address.
# This output file may be truncated or incomplete.
#
#  Out of Memory Error (arena.cpp:191), pid=18312, tid=10436
#
# JRE version: OpenJDK Runtime Environment Temurin-17.0.11+9 (17.0.11+9) (build 17.0.11+9)
# Java VM: OpenJDK 64-Bit Server VM Temurin-17.0.11+9 (17.0.11+9, mixed mode, tiered, compressed oops, compressed class ptrs, parallel gc, windows-amd64)
# No core dump will be written. Minidumps are not enabled by default on client versions of Windows
#

---------------  S U M M A R Y ------------

Command Line: --add-modules=ALL-SYSTEM --add-opens=java.base/java.util=ALL-UNNAMED --add-opens=java.base/java.lang=ALL-UNNAMED --add-opens=java.base/sun.nio.fs=ALL-UNNAMED -Declipse.application=org.eclipse.jdt.ls.core.id1 -Dosgi.bundles.defaultStartLevel=4 -Declipse.product=org.eclipse.jdt.ls.core.product -Djava.import.generatesMetadataFilesAtProjectRoot=false -DDetectVMInstallationsJob.disabled=true -Dfile.encoding=utf8 -XX:+UseParallelGC -XX:GCTimeRatio=4 -XX:AdaptiveSizePolicyWeight=90 -Dsun.zip.disableMemoryMapping=true -Xmx1G -Xms100m -Xlog:disable -javaagent:c:\Users\Pasindu Malinga\.vscode\extensions\redhat.java-1.33.0-win32-x64\lombok\lombok-1.18.33.jar c:\Users\Pasindu Malinga\.vscode\extensions\redhat.java-1.33.0-win32-x64\server\plugins\org.eclipse.equinox.launcher_1.6.900.v20240613-2009.jar -configuration c:\Users\Pasindu Malinga\AppData\Roaming\Code\User\globalStorage\redhat.java\1.33.0\config_ss_win -data c:\Users\Pasindu Malinga\AppData\Roaming\Code\User\workspaceStorage\2b789b6a36001ef64ecc1da0e1dc50ad\redhat.java\ss_ws --pipe=\\.\pipe\lsp-6b89f9bd68c1e4cdfd905d28d5289113-sock

Host: Intel(R) Core(TM) i3-7130U CPU @ 2.70GHz, 4 cores, 11G,  Windows 10 , 64 bit Build 19041 (10.0.19041.3636)
Time: Thu Aug 29 13:21:37 2024 Sri Lanka Standard Time elapsed time: 3.328034 seconds (0d 0h 0m 3s)

---------------  T H R E A D  ---------------

Current thread (0x000002a9f6a18270):  JavaThread "C2 CompilerThread0" daemon [_thread_in_native, id=10436, stack(0x000000e3ce200000,0x000000e3ce300000)]


Current CompileTask:
C2:   3328 1482       4       java.io.WinNTFileSystem::normalize (143 bytes)

Stack: [0x000000e3ce200000,0x000000e3ce300000]
Native frames: (J=compiled Java code, j=interpreted, Vv=VM code, C=native code)
V  [jvm.dll+0x67d429]
V  [jvm.dll+0x834b7a]
V  [jvm.dll+0x83663e]
V  [jvm.dll+0x836ca3]
V  [jvm.dll+0x247dbf]
V  [jvm.dll+0xac534]
V  [jvm.dll+0xacb7c]
V  [jvm.dll+0x366647]
V  [jvm.dll+0x330bba]
V  [jvm.dll+0x33005a]
V  [jvm.dll+0x21a471]
V  [jvm.dll+0x2198b1]
V  [jvm.dll+0x1a534d]
V  [jvm.dll+0x2295cd]
V  [jvm.dll+0x22779c]
V  [jvm.dll+0x7e9d07]
V  [jvm.dll+0x7e410a]
V  [jvm.dll+0x67c315]
C  [ucrtbase.dll+0x21bb2]
C  [KERNEL32.DLL+0x17344]
C  [ntdll.dll+0x526b1]


---------------  P R O C E S S  ---------------

Threads class SMR info:
_java_thread_list=0x000002a9fc50bf80, length=14, elements={
0x000002a9e2bb1180, 0x000002a9e2c6c870, 0x000002a9e2c6e190, 0x000002a9f6a13270,
0x000002a9f6a13e00, 0x000002a9f6a14a80, 0x000002a9f6a165b0, 0x000002a9f6a18270,
0x000002a9fbbdce00, 0x000002a9fbbdfed0, 0x000002a9fbc720c0, 0x000002a9fbeb8160,
0x000002a9fc9350a0, 0x000002a9fc957fb0
}

Java Threads: ( => current thread )
  0x000002a9e2bb1180 JavaThread "main" [_thread_in_native, id=7560, stack(0x000000e3cd900000,0x000000e3cda00000)]
  0x000002a9e2c6c870 JavaThread "Reference Handler" daemon [_thread_blocked, id=7640, stack(0x000000e3cdc00000,0x000000e3cdd00000)]
  0x000002a9e2c6e190 JavaThread "Finalizer" daemon [_thread_blocked, id=16148, stack(0x000000e3cdd00000,0x000000e3cde00000)]
  0x000002a9f6a13270 JavaThread "Signal Dispatcher" daemon [_thread_blocked, id=15344, stack(0x000000e3cde00000,0x000000e3cdf00000)]
  0x000002a9f6a13e00 JavaThread "Attach Listener" daemon [_thread_blocked, id=17740, stack(0x000000e3cdf00000,0x000000e3ce000000)]
  0x000002a9f6a14a80 JavaThread "Service Thread" daemon [_thread_blocked, id=10708, stack(0x000000e3ce000000,0x000000e3ce100000)]
  0x000002a9f6a165b0 JavaThread "Monitor Deflation Thread" daemon [_thread_blocked, id=4704, stack(0x000000e3ce100000,0x000000e3ce200000)]
=>0x000002a9f6a18270 JavaThread "C2 CompilerThread0" daemon [_thread_in_native, id=10436, stack(0x000000e3ce200000,0x000000e3ce300000)]
  0x000002a9fbbdce00 JavaThread "C1 CompilerThread0" daemon [_thread_blocked, id=10936, stack(0x000000e3ce300000,0x000000e3ce400000)]
  0x000002a9fbbdfed0 JavaThread "Sweeper thread" daemon [_thread_blocked, id=17216, stack(0x000000e3ce400000,0x000000e3ce500000)]
  0x000002a9fbc720c0 JavaThread "Common-Cleaner" daemon [_thread_blocked, id=5896, stack(0x000000e3ce500000,0x000000e3ce600000)]
  0x000002a9fbeb8160 JavaThread "Notification Thread" daemon [_thread_blocked, id=848, stack(0x000000e3ce700000,0x000000e3ce800000)]
  0x000002a9fc9350a0 JavaThread "C2 CompilerThread1" daemon [_thread_in_native, id=1564, stack(0x000000e3ceb00000,0x000000e3cec00000)]
  0x000002a9fc957fb0 JavaThread "Active Thread: Equinox Container: d62d9079-1138-4e14-a3ab-a51a29ebeb46" [_thread_blocked, id=14288, stack(0x000000e3cec00000,0x000000e3ced00000)]

Other Threads:
  0x000002a9f69db210 VMThread "VM Thread" [stack: 0x000000e3cdb00000,0x000000e3cdc00000] [id=9040]
  0x000002a9fbda22a0 WatcherThread [stack: 0x000000e3ce800000,0x000000e3ce900000] [id=14324]
  0x000002a9e2bc6810 GCTaskThread "GC Thread#0" [stack: 0x000000e3cda00000,0x000000e3cdb00000] [id=16452]
  0x000002a9fc8f88a0 GCTaskThread "GC Thread#1" [stack: 0x000000e3ce600000,0x000000e3ce700000] [id=1580]
  0x000002a9fc8f8f70 GCTaskThread "GC Thread#2" [stack: 0x000000e3ce900000,0x000000e3cea00000] [id=1080]
  0x000002a9fc9228a0 GCTaskThread "GC Thread#3" [stack: 0x000000e3cea00000,0x000000e3ceb00000] [id=11604]

Threads with active compile tasks:
C2 CompilerThread0     3368 1482       4       java.io.WinNTFileSystem::normalize (143 bytes)
C2 CompilerThread1     3368 1491       4       java.lang.StringLatin1::toLowerCase (186 bytes)

VM state: not at safepoint (normal execution)

VM Mutex/Monitor currently owned by a thread: None

Heap address: 0x00000000c0000000, size: 1024 MB, Compressed Oops mode: 32-bit

CDS archive(s) not mapped
Compressed class space mapped at: 0x0000000100000000-0x0000000140000000, reserved size: 1073741824
Narrow klass base: 0x0000000000000000, Narrow klass shift: 3, Narrow klass range: 0x140000000

GC Precious Log:
 CPUs: 4 total, 4 available
 Memory: 12165M
 Large Page Support: Disabled
 NUMA Support: Disabled
 Compressed Oops: Enabled (32-bit)
 Alignments: Space 512K, Generation 512K, Heap 2M
 Heap Min Capacity: 100M
 Heap Initial Capacity: 100M
 Heap Max Capacity: 1G
 Pre-touch: Disabled
 Parallel Workers: 4

Heap:
 PSYoungGen      total 29696K, used 23020K [0x00000000eab00000, 0x00000000ecc00000, 0x0000000100000000)
  eden space 25600K, 77% used [0x00000000eab00000,0x00000000ebe61ff8,0x00000000ec400000)
  from space 4096K, 77% used [0x00000000ec400000,0x00000000ec7192e0,0x00000000ec800000)
  to   space 4096K, 0% used [0x00000000ec800000,0x00000000ec800000,0x00000000ecc00000)
 ParOldGen       total 68608K, used 16K [0x00000000c0000000, 0x00000000c4300000, 0x00000000eab00000)
  object space 68608K, 0% used [0x00000000c0000000,0x00000000c0004000,0x00000000c4300000)
 Metaspace       used 13776K, committed 13952K, reserved 1114112K
  class space    used 1361K, committed 1472K, reserved 1048576K

Card table byte_map: [0x000002a9e2550000,0x000002a9e2760000] _byte_map_base: 0x000002a9e1f50000

Marking Bits: (ParMarkBitMap*) 0x00007fff2f29d820
 Begin Bits: [0x000002a9f4850000, 0x000002a9f5850000)
 End Bits:   [0x000002a9f5850000, 0x000002a9f6850000)

Polling page: 0x000002a9e0930000

Metaspace:

Usage:
  Non-class:     12.12 MB used.
      Class:      1.33 MB used.
       Both:     13.45 MB used.

Virtual space:
  Non-class space:       64.00 MB reserved,      12.19 MB ( 19%) committed,  1 nodes.
      Class space:        1.00 GB reserved,       1.44 MB ( <1%) committed,  1 nodes.
             Both:        1.06 GB reserved,      13.62 MB (  1%) committed. 

Chunk freelists:
   Non-Class:  3.31 MB
       Class:  14.48 MB
        Both:  17.79 MB

MaxMetaspaceSize: unlimited
CompressedClassSpaceSize: 1.00 GB
Initial GC threshold: 21.00 MB
Current GC threshold: 21.00 MB
CDS: off
MetaspaceReclaimPolicy: balanced
 - commit_granule_bytes: 65536.
 - commit_granule_words: 8192.
 - virtual_space_node_default_size: 8388608.
 - enlarge_chunks_in_place: 1.
 - new_chunks_are_fully_committed: 0.
 - uncommit_free_chunks: 1.
 - use_allocation_guard: 0.
 - handle_deallocations: 1.


Internal statistics:

num_allocs_failed_limit: 0.
num_arena_births: 56.
num_arena_deaths: 0.
num_vsnodes_births: 2.
num_vsnodes_deaths: 0.
num_space_committed: 218.
num_space_uncommitted: 0.
num_chunks_returned_to_freelist: 0.
num_chunks_taken_from_freelist: 218.
num_chunk_merges: 0.
num_chunk_splits: 147.
num_chunks_enlarged: 122.
num_inconsistent_stats: 0.

CodeHeap 'non-profiled nmethods': size=120000Kb used=649Kb max_used=649Kb free=119350Kb
 bounds [0x000002a9ed320000, 0x000002a9ed590000, 0x000002a9f4850000]
CodeHeap 'profiled nmethods': size=120000Kb used=2729Kb max_used=2729Kb free=117270Kb
 bounds [0x000002a9e5850000, 0x000002a9e5b00000, 0x000002a9ecd80000]
CodeHeap 'non-nmethods': size=5760Kb used=1160Kb max_used=1181Kb free=4599Kb
 bounds [0x000002a9ecd80000, 0x000002a9ecff0000, 0x000002a9ed320000]
 total_blobs=1943 nmethods=1493 adapters=364
 compilation: enabled
              stopped_count=0, restarted_count=0
 full_count=0

Compilation events (20 events):
Event: 3.265 Thread 0x000002a9fbbdce00 nmethod 1481 0x000002a9e5aee890 code [0x000002a9e5aeeaa0, 0x000002a9e5aef1f8]
Event: 3.265 Thread 0x000002a9fbbdce00 1480       3       java.lang.StringLatin1::getChars (12 bytes)
Event: 3.265 Thread 0x000002a9fbbdce00 nmethod 1480 0x000002a9e5aef510 code [0x000002a9e5aef6a0, 0x000002a9e5aef7c8]
Event: 3.266 Thread 0x000002a9f6a18270 nmethod 1475 0x000002a9ed3bfb90 code [0x000002a9ed3bfd00, 0x000002a9ed3bffb8]
Event: 3.269 Thread 0x000002a9f6a18270 1482       4       java.io.WinNTFileSystem::normalize (143 bytes)
Event: 3.270 Thread 0x000002a9fc9350a0 1483       4       sun.nio.fs.WindowsPathParser::isSlash (18 bytes)
Event: 3.271 Thread 0x000002a9fc9350a0 nmethod 1483 0x000002a9ed3c0090 code [0x000002a9ed3c0200, 0x000002a9ed3c0278]
Event: 3.274 Thread 0x000002a9fbbdce00 1484       3       org.eclipse.osgi.framework.util.SecureAction::getProperty (31 bytes)
Event: 3.275 Thread 0x000002a9fbbdce00 nmethod 1484 0x000002a9e5aef890 code [0x000002a9e5aefb20, 0x000002a9e5af0598]
Event: 3.275 Thread 0x000002a9fbbdce00 1485       3       java.net.URL::isBuiltinStreamHandler (32 bytes)
Event: 3.276 Thread 0x000002a9fbbdce00 nmethod 1485 0x000002a9e5af0910 code [0x000002a9e5af0c00, 0x000002a9e5af1c98]
Event: 3.277 Thread 0x000002a9fbbdce00 1486       3       java.net.URL::isBuiltinStreamHandler (7 bytes)
Event: 3.277 Thread 0x000002a9fbbdce00 nmethod 1486 0x000002a9e5af2290 code [0x000002a9e5af2440, 0x000002a9e5af2608]
Event: 3.279 Thread 0x000002a9fbbdce00 1487       3       jdk.internal.ref.PhantomCleanable::clean (16 bytes)
Event: 3.279 Thread 0x000002a9fbbdce00 nmethod 1487 0x000002a9e5af2710 code [0x000002a9e5af28e0, 0x000002a9e5af2ba8]
Event: 3.282 Thread 0x000002a9fbbdce00 1488       3       org.eclipse.osgi.internal.framework.EquinoxConfiguration$ConfigValues::internalGet (24 bytes)
Event: 3.283 Thread 0x000002a9fbbdce00 nmethod 1488 0x000002a9e5af2c90 code [0x000002a9e5af2f40, 0x000002a9e5af3b68]
Event: 3.284 Thread 0x000002a9fc9350a0 1489       4       sun.nio.fs.WindowsPathParser::isInvalidPathChar (22 bytes)
Event: 3.286 Thread 0x000002a9fc9350a0 nmethod 1489 0x000002a9ed3c0390 code [0x000002a9ed3c0500, 0x000002a9ed3c0678]
Event: 3.315 Thread 0x000002a9fc9350a0 1490 %     4       java.io.WinNTFileSystem::normalize @ 58 (224 bytes)

GC Heap History (2 events):
Event: 2.217 GC heap before
{Heap before GC invocations=1 (full 0):
 PSYoungGen      total 29696K, used 25600K [0x00000000eab00000, 0x00000000ecc00000, 0x0000000100000000)
  eden space 25600K, 100% used [0x00000000eab00000,0x00000000ec400000,0x00000000ec400000)
  from space 4096K, 0% used [0x00000000ec800000,0x00000000ec800000,0x00000000ecc00000)
  to   space 4096K, 0% used [0x00000000ec400000,0x00000000ec400000,0x00000000ec800000)
 ParOldGen       total 68608K, used 0K [0x00000000c0000000, 0x00000000c4300000, 0x00000000eab00000)
  object space 68608K, 0% used [0x00000000c0000000,0x00000000c0000000,0x00000000c4300000)
 Metaspace       used 10974K, committed 11200K, reserved 1114112K
  class space    used 1087K, committed 1216K, reserved 1048576K
}
Event: 2.230 GC heap after
{Heap after GC invocations=1 (full 0):
 PSYoungGen      total 29696K, used 3172K [0x00000000eab00000, 0x00000000ecc00000, 0x0000000100000000)
  eden space 25600K, 0% used [0x00000000eab00000,0x00000000eab00000,0x00000000ec400000)
  from space 4096K, 77% used [0x00000000ec400000,0x00000000ec7192e0,0x00000000ec800000)
  to   space 4096K, 0% used [0x00000000ec800000,0x00000000ec800000,0x00000000ecc00000)
 ParOldGen       total 68608K, used 16K [0x00000000c0000000, 0x00000000c4300000, 0x00000000eab00000)
  object space 68608K, 0% used [0x00000000c0000000,0x00000000c0004000,0x00000000c4300000)
 Metaspace       used 10974K, committed 11200K, reserved 1114112K
  class space    used 1087K, committed 1216K, reserved 1048576K
}

Dll operation events (8 events):
Event: 0.030 Loaded shared library c:\Users\Pasindu Malinga\.vscode\extensions\redhat.java-1.33.0-win32-x64\jre\17.0.11-win32-x86_64\bin\java.dll
Event: 0.545 Loaded shared library c:\Users\Pasindu Malinga\.vscode\extensions\redhat.java-1.33.0-win32-x64\jre\17.0.11-win32-x86_64\bin\zip.dll
Event: 0.550 Loaded shared library C:\Users\Pasindu Malinga\.vscode\extensions\redhat.java-1.33.0-win32-x64\jre\17.0.11-win32-x86_64\bin\instrument.dll
Event: 0.575 Loaded shared library C:\Users\Pasindu Malinga\.vscode\extensions\redhat.java-1.33.0-win32-x64\jre\17.0.11-win32-x86_64\bin\net.dll
Event: 0.603 Loaded shared library C:\Users\Pasindu Malinga\.vscode\extensions\redhat.java-1.33.0-win32-x64\jre\17.0.11-win32-x86_64\bin\nio.dll
Event: 0.619 Loaded shared library C:\Users\Pasindu Malinga\.vscode\extensions\redhat.java-1.33.0-win32-x64\jre\17.0.11-win32-x86_64\bin\zip.dll
Event: 0.662 Loaded shared library C:\Users\Pasindu Malinga\.vscode\extensions\redhat.java-1.33.0-win32-x64\jre\17.0.11-win32-x86_64\bin\jimage.dll
Event: 0.829 Loaded shared library c:\Users\Pasindu Malinga\.vscode\extensions\redhat.java-1.33.0-win32-x64\jre\17.0.11-win32-x86_64\bin\verify.dll

Deoptimization events (20 events):
Event: 2.791 Thread 0x000002a9e2bb1180 Uncommon trap: trap_request=0xffffffc6 fr.pc=0x000002a9ed34d460 relative=0x00000000000002c0
Event: 2.791 Thread 0x000002a9e2bb1180 Uncommon trap: reason=bimorphic_or_optimized_type_check action=maybe_recompile pc=0x000002a9ed34d460 method=java.util.Collections$UnmodifiableCollection$1.next()Ljava/lang/Object; @ 4 c2
Event: 2.791 Thread 0x000002a9e2bb1180 DEOPT PACKING pc=0x000002a9ed34d460 sp=0x000000e3cd9f8210
Event: 2.791 Thread 0x000002a9e2bb1180 DEOPT UNPACKING pc=0x000002a9ecdd66a3 sp=0x000000e3cd9f81c0 mode 2
Event: 3.099 Thread 0x000002a9e2bb1180 Uncommon trap: trap_request=0xffffffde fr.pc=0x000002a9ed37bb34 relative=0x0000000000000994
Event: 3.099 Thread 0x000002a9e2bb1180 Uncommon trap: reason=class_check action=maybe_recompile pc=0x000002a9ed37bb34 method=java.util.HashMap.putVal(ILjava/lang/Object;Ljava/lang/Object;ZZ)Ljava/lang/Object; @ 253 c2
Event: 3.099 Thread 0x000002a9e2bb1180 DEOPT PACKING pc=0x000002a9ed37bb34 sp=0x000000e3cd9fe040
Event: 3.099 Thread 0x000002a9e2bb1180 DEOPT UNPACKING pc=0x000002a9ecdd66a3 sp=0x000000e3cd9fdfc0 mode 2
Event: 3.102 Thread 0x000002a9e2bb1180 Uncommon trap: trap_request=0xffffffde fr.pc=0x000002a9ed37bb34 relative=0x0000000000000994
Event: 3.102 Thread 0x000002a9e2bb1180 Uncommon trap: reason=class_check action=maybe_recompile pc=0x000002a9ed37bb34 method=java.util.HashMap.putVal(ILjava/lang/Object;Ljava/lang/Object;ZZ)Ljava/lang/Object; @ 253 c2
Event: 3.102 Thread 0x000002a9e2bb1180 DEOPT PACKING pc=0x000002a9ed37bb34 sp=0x000000e3cd9fe040
Event: 3.102 Thread 0x000002a9e2bb1180 DEOPT UNPACKING pc=0x000002a9ecdd66a3 sp=0x000000e3cd9fdfc0 mode 2
Event: 3.190 Thread 0x000002a9e2bb1180 DEOPT PACKING pc=0x000002a9e597c961 sp=0x000000e3cd9fca40
Event: 3.190 Thread 0x000002a9e2bb1180 DEOPT UNPACKING pc=0x000002a9ecdd6e43 sp=0x000000e3cd9fbec8 mode 0
Event: 3.199 Thread 0x000002a9e2bb1180 DEOPT PACKING pc=0x000002a9e591a18c sp=0x000000e3cd9fc400
Event: 3.200 Thread 0x000002a9e2bb1180 DEOPT UNPACKING pc=0x000002a9ecdd6e43 sp=0x000000e3cd9fb880 mode 0
Event: 3.203 Thread 0x000002a9e2bb1180 Uncommon trap: trap_request=0xffffff45 fr.pc=0x000002a9ed35adbc relative=0x000000000000011c
Event: 3.203 Thread 0x000002a9e2bb1180 Uncommon trap: reason=unstable_if action=reinterpret pc=0x000002a9ed35adbc method=java.math.BigInteger.addOne([IIII)I @ 55 c2
Event: 3.203 Thread 0x000002a9e2bb1180 DEOPT PACKING pc=0x000002a9ed35adbc sp=0x000000e3cd9fc890
Event: 3.203 Thread 0x000002a9e2bb1180 DEOPT UNPACKING pc=0x000002a9ecdd66a3 sp=0x000000e3cd9fc810 mode 2

Classes unloaded (0 events):
No events

Classes redefined (0 events):
No events

Internal exceptions (20 events):
Event: 1.508 Thread 0x000002a9e2bb1180 Exception <a 'java/io/FileNotFoundException'{0x00000000eb8a2410}> (0x00000000eb8a2410) 
thrown [s\src\hotspot\share\prims\jni.cpp, line 516]
Event: 1.509 Thread 0x000002a9e2bb1180 Exception <a 'java/io/FileNotFoundException'{0x00000000eb8a3168}> (0x00000000eb8a3168) 
thrown [s\src\hotspot\share\prims\jni.cpp, line 516]
Event: 1.511 Thread 0x000002a9e2bb1180 Exception <a 'java/io/FileNotFoundException'{0x00000000eb8a3ea0}> (0x00000000eb8a3ea0) 
thrown [s\src\hotspot\share\prims\jni.cpp, line 516]
Event: 1.529 Thread 0x000002a9e2bb1180 Implicit null exception at 0x000002a9ed3460f2 to 0x000002a9ed346640
Event: 1.529 Thread 0x000002a9e2bb1180 Implicit null exception at 0x000002a9ed346cf2 to 0x000002a9ed347254
Event: 1.532 Thread 0x000002a9e2bb1180 Exception <a 'java/io/FileNotFoundException'{0x00000000eb8ddc00}> (0x00000000eb8ddc00) 
thrown [s\src\hotspot\share\prims\jni.cpp, line 516]
Event: 2.009 Thread 0x000002a9e2bb1180 Exception <a 'java/lang/ClassNotFoundException'{0x00000000ec0f93a0}: sun/net/www/protocol/c/Handler> (0x00000000ec0f93a0) 
thrown [s\src\hotspot\share\classfile\systemDictionary.cpp, line 256]
Event: 2.010 Thread 0x000002a9e2bb1180 Exception <a 'java/lang/ClassNotFoundException'{0x00000000ec0fa780}: sun/net/www/protocol/c/Handler> (0x00000000ec0fa780) 
thrown [s\src\hotspot\share\classfile\systemDictionary.cpp, line 256]
Event: 2.010 Thread 0x000002a9e2bb1180 Exception <a 'java/lang/ClassNotFoundException'{0x00000000ec0fb9e0}: sun/net/www/protocol/c/Handler> (0x00000000ec0fb9e0) 
thrown [s\src\hotspot\share\classfile\systemDictionary.cpp, line 256]
Event: 2.020 Thread 0x000002a9e2bb1180 Exception <a 'java/io/FileNotFoundException'{0x00000000ec11f478}> (0x00000000ec11f478) 
thrown [s\src\hotspot\share\prims\jni.cpp, line 516]
Event: 2.098 Thread 0x000002a9e2bb1180 Implicit null exception at 0x000002a9ed36ab60 to 0x000002a9ed36b584
Event: 2.098 Thread 0x000002a9e2bb1180 Implicit null exception at 0x000002a9ed3750ec to 0x000002a9ed3752d8
Event: 2.216 Thread 0x000002a9e2bb1180 Exception <a 'java/lang/NoSuchMethodError'{0x00000000ec3fd0c0}: 'int java.lang.invoke.DirectMethodHandle$Holder.invokeStaticInit(java.lang.Object, java.lang.Object, java.lang.Object, java.lang.Object)'> (0x00000000ec3fd0c0) 
thrown [s\src\hotspot\share\interpreter\linkResolver.cpp, line 759]
Event: 2.232 Thread 0x000002a9e2bb1180 Exception <a 'java/lang/NoSuchMethodError'{0x00000000eab07b18}: 'java.lang.Object java.lang.invoke.DirectMethodHandle$Holder.invokeInterface(java.lang.Object, java.lang.Object)'> (0x00000000eab07b18) 
thrown [s\src\hotspot\share\interpreter\linkResolver.cpp, line 759]
Event: 2.233 Thread 0x000002a9e2bb1180 Exception <a 'java/lang/IncompatibleClassChangeError'{0x00000000eab0b310}: Found class java.lang.Object, but interface was expected> (0x00000000eab0b310) 
thrown [s\src\hotspot\share\interpreter\linkResolver.cpp, line 826]
Event: 2.234 Thread 0x000002a9e2bb1180 Exception <a 'java/lang/NoSuchMethodError'{0x00000000eab0f800}: 'void java.lang.invoke.DirectMethodHandle$Holder.invokeStatic(java.lang.Object, java.lang.Object)'> (0x00000000eab0f800) 
thrown [s\src\hotspot\share\interpreter\linkResolver.cpp, line 759]
Event: 2.245 Thread 0x000002a9e2bb1180 Exception <a 'java/lang/NoSuchMethodError'{0x00000000eab13000}: 'void java.lang.invoke.DirectMethodHandle$Holder.invokeStaticInit(java.lang.Object, java.lang.Object)'> (0x00000000eab13000) 
thrown [s\src\hotspot\share\interpreter\linkResolver.cpp, line 759]
Event: 2.247 Thread 0x000002a9e2bb1180 Exception <a 'java/lang/NoSuchMethodError'{0x00000000eab1a530}: 'int java.lang.invoke.DirectMethodHandle$Holder.invokeStaticInit(java.lang.Object, java.lang.Object)'> (0x00000000eab1a530) 
thrown [s\src\hotspot\share\interpreter\linkResolver.cpp, line 759]
Event: 2.395 Thread 0x000002a9e2bb1180 Exception <a 'java/lang/NoSuchMethodError'{0x00000000eac84dc8}: 'void java.lang.invoke.DirectMethodHandle$Holder.invokeSpecial(java.lang.Object, java.lang.Object, java.lang.Object)'> (0x00000000eac84dc8) 
thrown [s\src\hotspot\share\interpreter\linkResolver.cpp, line 759]
Event: 3.053 Thread 0x000002a9e2bb1180 Exception <a 'java/lang/NoSuchMethodError'{0x00000000eb905b10}: 'java.lang.Object java.lang.invoke.DirectMethodHandle$Holder.newInvokeSpecial(java.lang.Object, int, java.lang.Object)'> (0x00000000eb905b10) 
thrown [s\src\hotspot\share\interpreter\linkResolver.cpp, line 759]

VM Operations (20 events):
Event: 0.502 Executing VM operation: HandshakeAllThreads
Event: 0.502 Executing VM operation: HandshakeAllThreads done
Event: 0.692 Executing VM operation: HandshakeAllThreads
Event: 0.692 Executing VM operation: HandshakeAllThreads done
Event: 1.448 Executing VM operation: HandshakeAllThreads
Event: 1.448 Executing VM operation: HandshakeAllThreads done
Event: 1.448 Executing VM operation: Cleanup
Event: 1.449 Executing VM operation: Cleanup done
Event: 1.476 Executing VM operation: HandshakeAllThreads
Event: 1.476 Executing VM operation: HandshakeAllThreads done
Event: 2.216 Executing VM operation: ParallelGCFailedAllocation
Event: 2.230 Executing VM operation: ParallelGCFailedAllocation done
Event: 2.981 Executing VM operation: HandshakeAllThreads
Event: 2.989 Executing VM operation: HandshakeAllThreads done
Event: 2.995 Executing VM operation: HandshakeAllThreads
Event: 2.996 Executing VM operation: HandshakeAllThreads done
Event: 3.016 Executing VM operation: HandshakeAllThreads
Event: 3.016 Executing VM operation: HandshakeAllThreads done
Event: 3.044 Executing VM operation: HandshakeAllThreads
Event: 3.044 Executing VM operation: HandshakeAllThreads done

Events (20 events):
Event: 3.153 loading class javax/xml/parsers/ParserConfigurationException
Event: 3.154 loading class javax/xml/parsers/ParserConfigurationException done
Event: 3.158 loading class java/security/KeyStoreException
Event: 3.159 loading class java/security/KeyStoreException done
Event: 3.164 loading class sun/security/x509/SubjectAlternativeNameExtension
Event: 3.165 loading class sun/security/x509/SubjectAlternativeNameExtension done
Event: 3.165 loading class sun/security/x509/RFC822Name
Event: 3.165 loading class sun/security/x509/RFC822Name done
Event: 3.230 loading class java/util/LinkedList$Node
Event: 3.230 loading class java/util/LinkedList$Node done
Event: 3.230 loading class java/util/LinkedList$ListItr
Event: 3.230 loading class java/util/LinkedList$ListItr done
Event: 3.246 loading class sun/nio/fs/WindowsChannelFactory
Event: 3.246 loading class sun/nio/fs/WindowsChannelFactory done
Event: 3.246 loading class sun/nio/fs/WindowsChannelFactory$1
Event: 3.246 loading class sun/nio/fs/WindowsChannelFactory$1 done
Event: 3.246 loading class sun/nio/fs/WindowsChannelFactory$Flags
Event: 3.247 loading class sun/nio/fs/WindowsChannelFactory$Flags done
Event: 3.247 loading class sun/nio/ch/FileChannelImpl$Closer
Event: 3.247 loading class sun/nio/ch/FileChannelImpl$Closer done


Dynamic libraries:
0x00007ff79ee90000 - 0x00007ff79ee9e000 	c:\Users\Pasindu Malinga\.vscode\extensions\redhat.java-1.33.0-win32-x64\jre\17.0.11-win32-x86_64\bin\java.exe
0x00007fff6ff90000 - 0x00007fff70188000 	C:\Windows\SYSTEM32\ntdll.dll
0x00007fff6f350000 - 0x00007fff6f40d000 	C:\Windows\System32\KERNEL32.DLL
0x00007fff6d9a0000 - 0x00007fff6dc96000 	C:\Windows\System32\KERNELBASE.dll
0x00007fff6d8a0000 - 0x00007fff6d9a0000 	C:\Windows\System32\ucrtbase.dll
0x00007fff4a660000 - 0x00007fff4a677000 	c:\Users\Pasindu Malinga\.vscode\extensions\redhat.java-1.33.0-win32-x64\jre\17.0.11-win32-x86_64\bin\jli.dll
0x00007fff6f860000 - 0x00007fff6f9fe000 	C:\Windows\System32\USER32.dll
0x00007fff6dea0000 - 0x00007fff6dec2000 	C:\Windows\System32\win32u.dll
0x00007fff6e300000 - 0x00007fff6e32c000 	C:\Windows\System32\GDI32.dll
0x00007fff6d6c0000 - 0x00007fff6d7da000 	C:\Windows\System32\gdi32full.dll
0x00007fff6de00000 - 0x00007fff6de9d000 	C:\Windows\System32\msvcp_win.dll
0x00007fff4a590000 - 0x00007fff4a5ab000 	c:\Users\Pasindu Malinga\.vscode\extensions\redhat.java-1.33.0-win32-x64\jre\17.0.11-win32-x86_64\bin\VCRUNTIME140.dll
0x00007fff6c9f0000 - 0x00007fff6cc8a000 	C:\Windows\WinSxS\amd64_microsoft.windows.common-controls_6595b64144ccf1df_6.0.19041.3636_none_60b6a03d71f818d5\COMCTL32.dll
0x00007fff6fa10000 - 0x00007fff6faae000 	C:\Windows\System32\msvcrt.dll
0x00007fff6edf0000 - 0x00007fff6ee20000 	C:\Windows\System32\IMM32.DLL
0x00007fff668a0000 - 0x00007fff668ac000 	c:\Users\Pasindu Malinga\.vscode\extensions\redhat.java-1.33.0-win32-x64\jre\17.0.11-win32-x86_64\bin\vcruntime140_1.dll
0x00007fff36720000 - 0x00007fff367ad000 	c:\Users\Pasindu Malinga\.vscode\extensions\redhat.java-1.33.0-win32-x64\jre\17.0.11-win32-x86_64\bin\msvcp140.dll
0x00007fff2e700000 - 0x00007fff2f362000 	c:\Users\Pasindu Malinga\.vscode\extensions\redhat.java-1.33.0-win32-x64\jre\17.0.11-win32-x86_64\bin\server\jvm.dll
0x00007fff6f2a0000 - 0x00007fff6f34f000 	C:\Windows\System32\ADVAPI32.dll
0x00007fff6ee90000 - 0x00007fff6ef2c000 	C:\Windows\System32\sechost.dll
0x00007fff6e1d0000 - 0x00007fff6e2f6000 	C:\Windows\System32\RPCRT4.dll
0x00007fff6d4d0000 - 0x00007fff6d51b000 	C:\Windows\SYSTEM32\POWRPROF.dll
0x00007fff4d760000 - 0x00007fff4d769000 	C:\Windows\SYSTEM32\WSOCK32.dll
0x00007fff6ee20000 - 0x00007fff6ee8b000 	C:\Windows\System32\WS2_32.dll
0x00007fff4d5b0000 - 0x00007fff4d5d7000 	C:\Windows\SYSTEM32\WINMM.dll
0x00007fff5ca00000 - 0x00007fff5ca0a000 	C:\Windows\SYSTEM32\VERSION.dll
0x00007fff6d4b0000 - 0x00007fff6d4c2000 	C:\Windows\SYSTEM32\UMPDC.dll
0x00007fff6a730000 - 0x00007fff6a742000 	C:\Windows\SYSTEM32\kernel.appcore.dll
0x00007fff650b0000 - 0x00007fff650ba000 	c:\Users\Pasindu Malinga\.vscode\extensions\redhat.java-1.33.0-win32-x64\jre\17.0.11-win32-x86_64\bin\jimage.dll
0x00007fff6cf80000 - 0x00007fff6d164000 	C:\Windows\SYSTEM32\DBGHELP.DLL
0x00007fff6cda0000 - 0x00007fff6cdd4000 	C:\Windows\SYSTEM32\dbgcore.DLL
0x00007fff6d810000 - 0x00007fff6d892000 	C:\Windows\System32\bcryptPrimitives.dll
0x00007fff607d0000 - 0x00007fff607de000 	c:\Users\Pasindu Malinga\.vscode\extensions\redhat.java-1.33.0-win32-x64\jre\17.0.11-win32-x86_64\bin\instrument.dll
0x00007fff400f0000 - 0x00007fff40115000 	c:\Users\Pasindu Malinga\.vscode\extensions\redhat.java-1.33.0-win32-x64\jre\17.0.11-win32-x86_64\bin\java.dll
0x00007fff4a4b0000 - 0x00007fff4a4c8000 	c:\Users\Pasindu Malinga\.vscode\extensions\redhat.java-1.33.0-win32-x64\jre\17.0.11-win32-x86_64\bin\zip.dll
0x00007fff6e390000 - 0x00007fff6ead5000 	C:\Windows\System32\SHELL32.dll
0x00007fff6a970000 - 0x00007fff6b10b000 	C:\Windows\SYSTEM32\windows.storage.dll
0x00007fff6ef30000 - 0x00007fff6f284000 	C:\Windows\System32\combase.dll
0x00007fff6c950000 - 0x00007fff6c97d000 	C:\Windows\SYSTEM32\Wldp.dll
0x00007fff6eae0000 - 0x00007fff6eb8d000 	C:\Windows\System32\SHCORE.dll
0x00007fff6e330000 - 0x00007fff6e385000 	C:\Windows\System32\shlwapi.dll
0x00007fff6d5a0000 - 0x00007fff6d5c5000 	C:\Windows\SYSTEM32\profapi.dll
0x00007fff49890000 - 0x00007fff498a9000 	C:\Users\Pasindu Malinga\.vscode\extensions\redhat.java-1.33.0-win32-x64\jre\17.0.11-win32-x86_64\bin\net.dll
0x00007fff608c0000 - 0x00007fff609ca000 	C:\Windows\SYSTEM32\WINHTTP.dll
0x00007fff6c7f0000 - 0x00007fff6c85a000 	C:\Windows\system32\mswsock.dll
0x00007fff45890000 - 0x00007fff458a6000 	C:\Users\Pasindu Malinga\.vscode\extensions\redhat.java-1.33.0-win32-x64\jre\17.0.11-win32-x86_64\bin\nio.dll
0x00007fff5fab0000 - 0x00007fff5fac0000 	c:\Users\Pasindu Malinga\.vscode\extensions\redhat.java-1.33.0-win32-x64\jre\17.0.11-win32-x86_64\bin\verify.dll

dbghelp: loaded successfully - version: 4.0.5 - missing functions: none
symbol engine: initialized successfully - sym options: 0x614 - pdb path: .;c:\Users\Pasindu Malinga\.vscode\extensions\redhat.java-1.33.0-win32-x64\jre\17.0.11-win32-x86_64\bin;C:\Windows\SYSTEM32;C:\Windows\WinSxS\amd64_microsoft.windows.common-controls_6595b64144ccf1df_6.0.19041.3636_none_60b6a03d71f818d5;c:\Users\Pasindu Malinga\.vscode\extensions\redhat.java-1.33.0-win32-x64\jre\17.0.11-win32-x86_64\bin\server

VM Arguments:
jvm_args: --add-modules=ALL-SYSTEM --add-opens=java.base/java.util=ALL-UNNAMED --add-opens=java.base/java.lang=ALL-UNNAMED --add-opens=java.base/sun.nio.fs=ALL-UNNAMED -Declipse.application=org.eclipse.jdt.ls.core.id1 -Dosgi.bundles.defaultStartLevel=4 -Declipse.product=org.eclipse.jdt.ls.core.product -Djava.import.generatesMetadataFilesAtProjectRoot=false -DDetectVMInstallationsJob.disabled=true -Dfile.encoding=utf8 -XX:+UseParallelGC -XX:GCTimeRatio=4 -XX:AdaptiveSizePolicyWeight=90 -Dsun.zip.disableMemoryMapping=true -Xmx1G -Xms100m -Xlog:disable -javaagent:c:\Users\Pasindu Malinga\.vscode\extensions\redhat.java-1.33.0-win32-x64\lombok\lombok-1.18.33.jar 
java_command: c:\Users\Pasindu Malinga\.vscode\extensions\redhat.java-1.33.0-win32-x64\server\plugins\org.eclipse.equinox.launcher_1.6.900.v20240613-2009.jar -configuration c:\Users\Pasindu Malinga\AppData\Roaming\Code\User\globalStorage\redhat.java\1.33.0\config_ss_win -data c:\Users\Pasindu Malinga\AppData\Roaming\Code\User\workspaceStorage\2b789b6a36001ef64ecc1da0e1dc50ad\redhat.java\ss_ws --pipe=\\.\pipe\lsp-6b89f9bd68c1e4cdfd905d28d5289113-sock
java_class_path (initial): c:\Users\Pasindu Malinga\.vscode\extensions\redhat.java-1.33.0-win32-x64\server\plugins\org.eclipse.equinox.launcher_1.6.900.v20240613-2009.jar
Launcher Type: SUN_STANDARD

[Global flags]
    uintx AdaptiveSizePolicyWeight                 = 90                                        {product} {command line}
     intx CICompilerCount                          = 3                                         {product} {ergonomic}
    uintx GCTimeRatio                              = 4                                         {product} {command line}
   size_t InitialHeapSize                          = 104857600                                 {product} {command line}
   size_t MaxHeapSize                              = 1073741824                                {product} {command line}
   size_t MaxNewSize                               = 357564416                                 {product} {ergonomic}
   size_t MinHeapDeltaBytes                        = 524288                                    {product} {ergonomic}
   size_t MinHeapSize                              = 104857600                                 {product} {command line}
   size_t NewSize                                  = 34603008                                  {product} {ergonomic}
    uintx NonNMethodCodeHeapSize                   = 5832780                                {pd product} {ergonomic}
    uintx NonProfiledCodeHeapSize                  = 122912730                              {pd product} {ergonomic}
   size_t OldSize                                  = 70254592                                  {product} {ergonomic}
    uintx ProfiledCodeHeapSize                     = 122912730                              {pd product} {ergonomic}
    uintx ReservedCodeCacheSize                    = 251658240                              {pd product} {ergonomic}
     bool SegmentedCodeCache                       = true                                      {product} {ergonomic}
   size_t SoftMaxHeapSize                          = 1073741824                             {manageable} {ergonomic}
     bool UseCompressedClassPointers               = true                           {product lp64_product} {ergonomic}
     bool UseCompressedOops                        = true                           {product lp64_product} {ergonomic}
     bool UseLargePagesIndividualAllocation        = false                                  {pd product} {ergonomic}
     bool UseParallelGC                            = true                                      {product} {command line}

Logging:
Log output configuration:
 #0: stdout all=off uptime,level,tags
 #1: stderr all=off uptime,level,tags

Environment Variables:
PATH=C:\Program Files (x86)\Common Files\Intel\Shared Files\cpp\bin\Intel64;C:\Program Files\Common Files\Oracle\Java\javapath;C:\Program Files (x86)\Common Files\Intel\Shared Libraries\redist\intel64\compiler;C:\Windows\system32;C:\Windows;C:\Windows\System32\Wbem;C:\Windows\System32\WindowsPowerShell\v1.0\;C:\Windows\System32\OpenSSH\;C:\Program Files\CodeBlocks\MinGW\bin;C:\Program Files\Java\jdk-17\bin;C:\Program Files\Git\cmd;C:\Program Files\nodejs\;C:\Users\Pasindu Malinga\AppData\Local\Programs\Python\Python311\Scripts\;C:\Users\Pasindu Malinga\AppData\Local\Programs\Python\Python311\;C:\Program Files\MySQL\MySQL Shell 8.0\bin\;C:\Users\Pasindu Malinga\AppData\Local\Microsoft\WindowsApps;C:\Users\Pasindu Malinga\AppData\Local\Programs\Microsoft VS Code\bin;C:\Program Files\MySQL\MySQL Server 8.0\bin;C:\Program Files\JetBrains\PyCharm 2022.3.1\bin;;C:\Users\Pasindu Malinga\AppData\Local\GitHubDesktop\bin;C:\Users\Pasindu Malinga\AppData\Roaming\npm
USERNAME=Pasindu Malinga
OS=Windows_NT
PROCESSOR_IDENTIFIER=Intel64 Family 6 Model 142 Stepping 9, GenuineIntel
TMP=C:\Users\PASIND~1\AppData\Local\Temp
TEMP=C:\Users\PASIND~1\AppData\Local\Temp



Periodic native trim disabled


---------------  S Y S T E M  ---------------

OS:
 Windows 10 , 64 bit Build 19041 (10.0.19041.3636)
OS uptime: 2 days 13:21 hours

CPU: total 4 (initial active 4) (2 cores per cpu, 2 threads per core) family 6 model 142 stepping 9 microcode 0xb4, cx8, cmov, fxsr, ht, mmx, 3dnowpref, sse, sse2, sse3, ssse3, sse4.1, sse4.2, popcnt, lzcnt, tsc, tscinvbit, avx, avx2, aes, erms, clmul, bmi1, bmi2, adx, fma, vzeroupper, clflush, clflushopt
Processor Information for all 4 processors :
  Max Mhz: 2700, Current Mhz: 2700, Mhz Limit: 2700

Memory: 4k page, system-wide physical 12165M (402M free)
TotalPageFile size 27427M (AvailPageFile size 4M)
current process WorkingSet (physical memory assigned to process): 81M, peak: 81M
current process commit charge ("private bytes"): 191M, peak: 191M

vm_info: OpenJDK 64-Bit Server VM (17.0.11+9) for windows-amd64 JRE (17.0.11+9), built on Apr 17 2024 06:07:48 by "admin" with MS VC++ 16.10 / 16.11 (VS2019)

END.
